2026-05-30 00:54:26 INFO  [Auth] Logout
2026-05-30 00:54:48 INFO  [Auth] Login attempt
2026-05-30 00:54:48 INFO  [Auth] Login success. uid=42tbAJAhE8gqMOJDivCHnL5JUx63
2026-05-30 01:23:50 INFO  [Auth] Logout
2026-05-30 01:24:24 INFO  [Auth] Login attempt
2026-05-30 01:24:25 ERROR [Auth] Login failed
java.io.IOException: Auth failed: HTTP 400
	at ua.uni.auth.FirebaseAuthService.post(FirebaseAuthService.java:74) ~[classes/:?]
	at ua.uni.auth.FirebaseAuthService.authenticate(FirebaseAuthService.java:56) ~[classes/:?]
	at ua.uni.auth.FirebaseAuthService.signIn(FirebaseAuthService.java:29) ~[classes/:?]
	at ua.uni.screens.LoginScreen.doLogin(LoginScreen.java:126) [classes/:?]
	at ua.uni.screens.LoginScreen$1.changed(LoginScreen.java:94) [classes/:?]
	at com.badlogic.gdx.scenes.scene2d.utils.ChangeListener.handle(ChangeListener.java:28) [gdx-1.12.1.jar:?]
	at com.badlogic.gdx.scenes.scene2d.Actor.notify(Actor.java:188) [gdx-1.12.1.jar:?]
	at com.badlogic.gdx.scenes.scene2d.Actor.fire(Actor.java:152) [gdx-1.12.1.jar:?]
	at com.badlogic.gdx.scenes.scene2d.ui.Button.setChecked(Button.java:125) [gdx-1.12.1.jar:?]
	at com.badlogic.gdx.scenes.scene2d.ui.Button$1.clicked(Button.java:93) [gdx-1.12.1.jar:?]
	at com.badlogic.gdx.scenes.scene2d.utils.ClickListener.touchUp(ClickListener.java:88) [gdx-1.12.1.jar:?]
	at com.badlogic.gdx.scenes.scene2d.InputListener.handle(InputListener.java:71) [gdx-1.12.1.jar:?]
	at com.badlogic.gdx.scenes.scene2d.Stage.touchUp(Stage.java:354) [gdx-1.12.1.jar:?]
	at com.badlogic.gdx.InputEventQueue.drain(InputEventQueue.java:70) [gdx-1.12.1.jar:?]
	at com.badlogic.gdx.backends.lwjgl3.DefaultLwjgl3Input.update(DefaultLwjgl3Input.java:189) [gdx-backend-lwjgl3-1.12.1.jar:?]
	at com.badlogic.gdx.backends.lwjgl3.Lwjgl3Window.update(Lwjgl3Window.java:378) [gdx-backend-lwjgl3-1.12.1.jar:?]
	at com.badlogic.gdx.backends.lwjgl3.Lwjgl3Application.loop(Lwjgl3Application.java:193) [gdx-backend-lwjgl3-1.12.1.jar:?]
	at com.badlogic.gdx.backends.lwjgl3.Lwjgl3Application.<init>(Lwjgl3Application.java:167) [gdx-backend-lwjgl3-1.12.1.jar:?]
	at ua.uni.DesktopLauncher.main(DesktopLauncher.java:13) [classes/:?]
	at ua.uni.Main.main(Main.java:5) [classes/:?]
2026-05-30 01:24:34 INFO  [Auth] Login attempt
2026-05-30 01:24:35 ERROR [Auth] Login failed
java.io.IOException: Auth failed: HTTP 400
	at ua.uni.auth.FirebaseAuthService.post(FirebaseAuthService.java:74) ~[classes/:?]
	at ua.uni.auth.FirebaseAuthService.authenticate(FirebaseAuthService.java:56) ~[classes/:?]
	at ua.uni.auth.FirebaseAuthService.signIn(FirebaseAuthService.java:29) ~[classes/:?]
	at ua.uni.screens.LoginScreen.doLogin(LoginScreen.java:126) [classes/:?]
	at ua.uni.screens.LoginScreen$1.changed(LoginScreen.java:94) [classes/:?]
	at com.badlogic.gdx.scenes.scene2d.utils.ChangeListener.handle(ChangeListener.java:28) [gdx-1.12.1.jar:?]
	at com.badlogic.gdx.scenes.scene2d.Actor.notify(Actor.java:188) [gdx-1.12.1.jar:?]
	at com.badlogic.gdx.scenes.scene2d.Actor.fire(Actor.java:152) [gdx-1.12.1.jar:?]
	at com.badlogic.gdx.scenes.scene2d.ui.Button.setChecked(Button.java:125) [gdx-1.12.1.jar:?]
	at com.badlogic.gdx.scenes.scene2d.ui.Button$1.clicked(Button.java:93) [gdx-1.12.1.jar:?]
	at com.badlogic.gdx.scenes.scene2d.utils.ClickListener.touchUp(ClickListener.java:88) [gdx-1.12.1.jar:?]
	at com.badlogic.gdx.scenes.scene2d.InputListener.handle(InputListener.java:71) [gdx-1.12.1.jar:?]
	at com.badlogic.gdx.scenes.scene2d.Stage.touchUp(Stage.java:354) [gdx-1.12.1.jar:?]
	at com.badlogic.gdx.InputEventQueue.drain(InputEventQueue.java:70) [gdx-1.12.1.jar:?]
	at com.badlogic.gdx.backends.lwjgl3.DefaultLwjgl3Input.update(DefaultLwjgl3Input.java:189) [gdx-backend-lwjgl3-1.12.1.jar:?]
	at com.badlogic.gdx.backends.lwjgl3.Lwjgl3Window.update(Lwjgl3Window.java:378) [gdx-backend-lwjgl3-1.12.1.jar:?]
	at com.badlogic.gdx.backends.lwjgl3.Lwjgl3Application.loop(Lwjgl3Application.java:193) [gdx-backend-lwjgl3-1.12.1.jar:?]
	at com.badlogic.gdx.backends.lwjgl3.Lwjgl3Application.<init>(Lwjgl3Application.java:167) [gdx-backend-lwjgl3-1.12.1.jar:?]
	at ua.uni.DesktopLauncher.main(DesktopLauncher.java:13) [classes/:?]
	at ua.uni.Main.main(Main.java:5) [classes/:?]
2026-05-30 01:24:50 INFO  [Auth] Login attempt
2026-05-30 01:24:51 ERROR [Auth] Login failed
java.io.IOException: Auth failed: HTTP 400
	at ua.uni.auth.FirebaseAuthService.post(FirebaseAuthService.java:74) ~[classes/:?]
	at ua.uni.auth.FirebaseAuthService.authenticate(FirebaseAuthService.java:56) ~[classes/:?]
	at ua.uni.auth.FirebaseAuthService.signIn(FirebaseAuthService.java:29) ~[classes/:?]
	at ua.uni.screens.LoginScreen.doLogin(LoginScreen.java:126) [classes/:?]
	at ua.uni.screens.LoginScreen$1.changed(LoginScreen.java:94) [classes/:?]
	at com.badlogic.gdx.scenes.scene2d.utils.ChangeListener.handle(ChangeListener.java:28) [gdx-1.12.1.jar:?]
	at com.badlogic.gdx.scenes.scene2d.Actor.notify(Actor.java:188) [gdx-1.12.1.jar:?]
	at com.badlogic.gdx.scenes.scene2d.Actor.fire(Actor.java:152) [gdx-1.12.1.jar:?]
	at com.badlogic.gdx.scenes.scene2d.ui.Button.setChecked(Button.java:125) [gdx-1.12.1.jar:?]
	at com.badlogic.gdx.scenes.scene2d.ui.Button$1.clicked(Button.java:93) [gdx-1.12.1.jar:?]
	at com.badlogic.gdx.scenes.scene2d.utils.ClickListener.touchUp(ClickListener.java:88) [gdx-1.12.1.jar:?]
	at com.badlogic.gdx.scenes.scene2d.InputListener.handle(InputListener.java:71) [gdx-1.12.1.jar:?]
	at com.badlogic.gdx.scenes.scene2d.Stage.touchUp(Stage.java:354) [gdx-1.12.1.jar:?]
	at com.badlogic.gdx.InputEventQueue.drain(InputEventQueue.java:70) [gdx-1.12.1.jar:?]
	at com.badlogic.gdx.backends.lwjgl3.DefaultLwjgl3Input.update(DefaultLwjgl3Input.java:189) [gdx-backend-lwjgl3-1.12.1.jar:?]
	at com.badlogic.gdx.backends.lwjgl3.Lwjgl3Window.update(Lwjgl3Window.java:378) [gdx-backend-lwjgl3-1.12.1.jar:?]
	at com.badlogic.gdx.backends.lwjgl3.Lwjgl3Application.loop(Lwjgl3Application.java:193) [gdx-backend-lwjgl3-1.12.1.jar:?]
	at com.badlogic.gdx.backends.lwjgl3.Lwjgl3Application.<init>(Lwjgl3Application.java:167) [gdx-backend-lwjgl3-1.12.1.jar:?]
	at ua.uni.DesktopLauncher.main(DesktopLauncher.java:13) [classes/:?]
	at ua.uni.Main.main(Main.java:5) [classes/:?]
2026-05-30 01:25:02 INFO  [Auth] Login attempt
2026-05-30 01:25:02 ERROR [Auth] Login failed
java.io.IOException: Auth failed: HTTP 400
	at ua.uni.auth.FirebaseAuthService.post(FirebaseAuthService.java:74) ~[classes/:?]
	at ua.uni.auth.FirebaseAuthService.authenticate(FirebaseAuthService.java:56) ~[classes/:?]
	at ua.uni.auth.FirebaseAuthService.signIn(FirebaseAuthService.java:29) ~[classes/:?]
	at ua.uni.screens.LoginScreen.doLogin(LoginScreen.java:126) [classes/:?]
	at ua.uni.screens.LoginScreen$1.changed(LoginScreen.java:94) [classes/:?]
	at com.badlogic.gdx.scenes.scene2d.utils.ChangeListener.handle(ChangeListener.java:28) [gdx-1.12.1.jar:?]
	at com.badlogic.gdx.scenes.scene2d.Actor.notify(Actor.java:188) [gdx-1.12.1.jar:?]
	at com.badlogic.gdx.scenes.scene2d.Actor.fire(Actor.java:152) [gdx-1.12.1.jar:?]
	at com.badlogic.gdx.scenes.scene2d.ui.Button.setChecked(Button.java:125) [gdx-1.12.1.jar:?]
	at com.badlogic.gdx.scenes.scene2d.ui.Button$1.clicked(Button.java:93) [gdx-1.12.1.jar:?]
	at com.badlogic.gdx.scenes.scene2d.utils.ClickListener.touchUp(ClickListener.java:88) [gdx-1.12.1.jar:?]
	at com.badlogic.gdx.scenes.scene2d.InputListener.handle(InputListener.java:71) [gdx-1.12.1.jar:?]
	at com.badlogic.gdx.scenes.scene2d.Stage.touchUp(Stage.java:354) [gdx-1.12.1.jar:?]
	at com.badlogic.gdx.InputEventQueue.drain(InputEventQueue.java:70) [gdx-1.12.1.jar:?]
	at com.badlogic.gdx.backends.lwjgl3.DefaultLwjgl3Input.update(DefaultLwjgl3Input.java:189) [gdx-backend-lwjgl3-1.12.1.jar:?]
	at com.badlogic.gdx.backends.lwjgl3.Lwjgl3Window.update(Lwjgl3Window.java:378) [gdx-backend-lwjgl3-1.12.1.jar:?]
	at com.badlogic.gdx.backends.lwjgl3.Lwjgl3Application.loop(Lwjgl3Application.java:193) [gdx-backend-lwjgl3-1.12.1.jar:?]
	at com.badlogic.gdx.backends.lwjgl3.Lwjgl3Application.<init>(Lwjgl3Application.java:167) [gdx-backend-lwjgl3-1.12.1.jar:?]
	at ua.uni.DesktopLauncher.main(DesktopLauncher.java:13) [classes/:?]
	at ua.uni.Main.main(Main.java:5) [classes/:?]
2026-05-30 01:25:02 INFO  [Auth] Login attempt
2026-05-30 01:25:03 ERROR [Auth] Login failed
java.io.IOException: Auth failed: HTTP 400
	at ua.uni.auth.FirebaseAuthService.post(FirebaseAuthService.java:74) ~[classes/:?]
	at ua.uni.auth.FirebaseAuthService.authenticate(FirebaseAuthService.java:56) ~[classes/:?]
	at ua.uni.auth.FirebaseAuthService.signIn(FirebaseAuthService.java:29) ~[classes/:?]
	at ua.uni.screens.LoginScreen.doLogin(LoginScreen.java:126) [classes/:?]
	at ua.uni.screens.LoginScreen$1.changed(LoginScreen.java:94) [classes/:?]
	at com.badlogic.gdx.scenes.scene2d.utils.ChangeListener.handle(ChangeListener.java:28) [gdx-1.12.1.jar:?]
	at com.badlogic.gdx.scenes.scene2d.Actor.notify(Actor.java:188) [gdx-1.12.1.jar:?]
	at com.badlogic.gdx.scenes.scene2d.Actor.fire(Actor.java:152) [gdx-1.12.1.jar:?]
	at com.badlogic.gdx.scenes.scene2d.ui.Button.setChecked(Button.java:125) [gdx-1.12.1.jar:?]
	at com.badlogic.gdx.scenes.scene2d.ui.Button$1.clicked(Button.java:93) [gdx-1.12.1.jar:?]
	at com.badlogic.gdx.scenes.scene2d.utils.ClickListener.touchUp(ClickListener.java:88) [gdx-1.12.1.jar:?]
	at com.badlogic.gdx.scenes.scene2d.InputListener.handle(InputListener.java:71) [gdx-1.12.1.jar:?]
	at com.badlogic.gdx.scenes.scene2d.Stage.touchUp(Stage.java:354) [gdx-1.12.1.jar:?]
	at com.badlogic.gdx.InputEventQueue.drain(InputEventQueue.java:70) [gdx-1.12.1.jar:?]
	at com.badlogic.gdx.backends.lwjgl3.DefaultLwjgl3Input.update(DefaultLwjgl3Input.java:189) [gdx-backend-lwjgl3-1.12.1.jar:?]
	at com.badlogic.gdx.backends.lwjgl3.Lwjgl3Window.update(Lwjgl3Window.java:378) [gdx-backend-lwjgl3-1.12.1.jar:?]
	at com.badlogic.gdx.backends.lwjgl3.Lwjgl3Application.loop(Lwjgl3Application.java:193) [gdx-backend-lwjgl3-1.12.1.jar:?]
	at com.badlogic.gdx.backends.lwjgl3.Lwjgl3Application.<init>(Lwjgl3Application.java:167) [gdx-backend-lwjgl3-1.12.1.jar:?]
	at ua.uni.DesktopLauncher.main(DesktopLauncher.java:13) [classes/:?]
	at ua.uni.Main.main(Main.java:5) [classes/:?]
2026-05-30 01:25:12 INFO  [Auth] Register attempt
2026-05-30 01:25:12 ERROR [Auth] Register failed
java.io.IOException: Auth failed: HTTP 400
	at ua.uni.auth.FirebaseAuthService.post(FirebaseAuthService.java:74) ~[classes/:?]
	at ua.uni.auth.FirebaseAuthService.authenticate(FirebaseAuthService.java:56) ~[classes/:?]
	at ua.uni.auth.FirebaseAuthService.signUp(FirebaseAuthService.java:25) ~[classes/:?]
	at ua.uni.screens.LoginScreen.doRegister(LoginScreen.java:151) [classes/:?]
	at ua.uni.screens.LoginScreen$2.changed(LoginScreen.java:100) [classes/:?]
	at com.badlogic.gdx.scenes.scene2d.utils.ChangeListener.handle(ChangeListener.java:28) [gdx-1.12.1.jar:?]
	at com.badlogic.gdx.scenes.scene2d.Actor.notify(Actor.java:188) [gdx-1.12.1.jar:?]
	at com.badlogic.gdx.scenes.scene2d.Actor.fire(Actor.java:152) [gdx-1.12.1.jar:?]
	at com.badlogic.gdx.scenes.scene2d.ui.Button.setChecked(Button.java:125) [gdx-1.12.1.jar:?]
	at com.badlogic.gdx.scenes.scene2d.ui.Button$1.clicked(Button.java:93) [gdx-1.12.1.jar:?]
	at com.badlogic.gdx.scenes.scene2d.utils.ClickListener.touchUp(ClickListener.java:88) [gdx-1.12.1.jar:?]
	at com.badlogic.gdx.scenes.scene2d.InputListener.handle(InputListener.java:71) [gdx-1.12.1.jar:?]
	at com.badlogic.gdx.scenes.scene2d.Stage.touchUp(Stage.java:354) [gdx-1.12.1.jar:?]
	at com.badlogic.gdx.InputEventQueue.drain(InputEventQueue.java:70) [gdx-1.12.1.jar:?]
	at com.badlogic.gdx.backends.lwjgl3.DefaultLwjgl3Input.update(DefaultLwjgl3Input.java:189) [gdx-backend-lwjgl3-1.12.1.jar:?]
	at com.badlogic.gdx.backends.lwjgl3.Lwjgl3Window.update(Lwjgl3Window.java:378) [gdx-backend-lwjgl3-1.12.1.jar:?]
	at com.badlogic.gdx.backends.lwjgl3.Lwjgl3Application.loop(Lwjgl3Application.java:193) [gdx-backend-lwjgl3-1.12.1.jar:?]
	at com.badlogic.gdx.backends.lwjgl3.Lwjgl3Application.<init>(Lwjgl3Application.java:167) [gdx-backend-lwjgl3-1.12.1.jar:?]
	at ua.uni.DesktopLauncher.main(DesktopLauncher.java:13) [classes/:?]
	at ua.uni.Main.main(Main.java:5) [classes/:?]
2026-05-30 01:25:16 INFO  [Auth] Register attempt
2026-05-30 01:25:16 ERROR [Auth] Register failed
java.io.IOException: Auth failed: HTTP 400
	at ua.uni.auth.FirebaseAuthService.post(FirebaseAuthService.java:74) ~[classes/:?]
	at ua.uni.auth.FirebaseAuthService.authenticate(FirebaseAuthService.java:56) ~[classes/:?]
	at ua.uni.auth.FirebaseAuthService.signUp(FirebaseAuthService.java:25) ~[classes/:?]
	at ua.uni.screens.LoginScreen.doRegister(LoginScreen.java:151) [classes/:?]
	at ua.uni.screens.LoginScreen$2.changed(LoginScreen.java:100) [classes/:?]
	at com.badlogic.gdx.scenes.scene2d.utils.ChangeListener.handle(ChangeListener.java:28) [gdx-1.12.1.jar:?]
	at com.badlogic.gdx.scenes.scene2d.Actor.notify(Actor.java:188) [gdx-1.12.1.jar:?]
	at com.badlogic.gdx.scenes.scene2d.Actor.fire(Actor.java:152) [gdx-1.12.1.jar:?]
	at com.badlogic.gdx.scenes.scene2d.ui.Button.setChecked(Button.java:125) [gdx-1.12.1.jar:?]
	at com.badlogic.gdx.scenes.scene2d.ui.Button$1.clicked(Button.java:93) [gdx-1.12.1.jar:?]
	at com.badlogic.gdx.scenes.scene2d.utils.ClickListener.touchUp(ClickListener.java:88) [gdx-1.12.1.jar:?]
	at com.badlogic.gdx.scenes.scene2d.InputListener.handle(InputListener.java:71) [gdx-1.12.1.jar:?]
	at com.badlogic.gdx.scenes.scene2d.Stage.touchUp(Stage.java:354) [gdx-1.12.1.jar:?]
	at com.badlogic.gdx.InputEventQueue.drain(InputEventQueue.java:70) [gdx-1.12.1.jar:?]
	at com.badlogic.gdx.backends.lwjgl3.DefaultLwjgl3Input.update(DefaultLwjgl3Input.java:189) [gdx-backend-lwjgl3-1.12.1.jar:?]
	at com.badlogic.gdx.backends.lwjgl3.Lwjgl3Window.update(Lwjgl3Window.java:378) [gdx-backend-lwjgl3-1.12.1.jar:?]
	at com.badlogic.gdx.backends.lwjgl3.Lwjgl3Application.loop(Lwjgl3Application.java:193) [gdx-backend-lwjgl3-1.12.1.jar:?]
	at com.badlogic.gdx.backends.lwjgl3.Lwjgl3Application.<init>(Lwjgl3Application.java:167) [gdx-backend-lwjgl3-1.12.1.jar:?]
	at ua.uni.DesktopLauncher.main(DesktopLauncher.java:13) [classes/:?]
	at ua.uni.Main.main(Main.java:5) [classes/:?]
2026-05-30 01:25:26 INFO  [Auth] Login attempt
2026-05-30 01:25:27 INFO  [Auth] Login blocked: email not verified
2026-05-30 01:27:46 INFO  [Auth] Register attempt
2026-05-30 01:27:47 INFO  [Auth] Register success. uid=SAv5JtbwWbP0BaaPf0NpRQNfuGC3
2026-05-30 01:28:55 INFO  [Auth] Login attempt
2026-05-30 01:28:55 INFO  [Auth] Login success. uid=SAv5JtbwWbP0BaaPf0NpRQNfuGC3
